::1 - - [21/Sep/2023:13:28:18 +0000] "PUT /api/users/Liorcohen212@gmail.com HTTP/1.1" 401 33
::1 - - [21/Sep/2023:13:29:05 +0000] "POST /api/register HTTP/1.1" 400 2
::1 - - [21/Sep/2023:13:29:07 +0000] "POST /api/register HTTP/1.1" 400 2
::1 - - [21/Sep/2023:13:30:40 +0000] "POST /api/register HTTP/1.1" 400 2
::1 - - [21/Sep/2023:13:32:55 +0000] "POST /api/register HTTP/1.1" 400 424
::1 - - [21/Sep/2023:13:33:06 +0000] "POST /api/register HTTP/1.1" 400 449
::1 - - [21/Sep/2023:13:33:13 +0000] "POST /api/register HTTP/1.1" 400 2
::1 - - [21/Sep/2023:13:33:16 +0000] "POST /api/register HTTP/1.1" 400 2
::1 - - [21/Sep/2023:13:36:00 +0000] "POST /api/register HTTP/1.1" 400 2
::1 - - [21/Sep/2023:13:36:02 +0000] "POST /api/register HTTP/1.1" 400 2
::1 - - [21/Sep/2023:13:37:38 +0000] "POST /api/register HTTP/1.1" 400 2
::1 - - [21/Sep/2023:13:37:39 +0000] "POST /api/register HTTP/1.1" 400 2
::1 - - [21/Sep/2023:13:39:34 +0000] "POST /api/register HTTP/1.1" 400 2
::1 - - [21/Sep/2023:13:39:46 +0000] "POST /api/register HTTP/1.1" 400 2
::1 - - [21/Sep/2023:13:39:58 +0000] "POST /api/register HTTP/1.1" 400 2
::1 - - [21/Sep/2023:13:40:38 +0000] "POST /api/register HTTP/1.1" 400 2
::1 - - [21/Sep/2023:13:41:00 +0000] "POST /api/register HTTP/1.1" 400 2
::1 - - [21/Sep/2023:13:41:43 +0000] "POST /api/register HTTP/1.1" 400 2
::1 - - [21/Sep/2023:13:41:44 +0000] "POST /api/register HTTP/1.1" 400 2
::1 - - [21/Sep/2023:13:48:52 +0000] "POST /api/register HTTP/1.1" 400 322
::1 - - [21/Sep/2023:13:50:01 +0000] "POST /api/register HTTP/1.1" 400 32
::1 - - [21/Sep/2023:13:50:04 +0000] "POST /api/register HTTP/1.1" 400 32
::1 - - [21/Sep/2023:14:00:12 +0000] "POST /api/register HTTP/1.1" 400 322
::1 - - [21/Sep/2023:14:00:46 +0000] "POST /api/register HTTP/1.1" 400 32
::1 - - [21/Sep/2023:14:05:04 +0000] "GET /api/login HTTP/1.1" 404 148
::1 - - [21/Sep/2023:14:05:05 +0000] "GET /api/login HTTP/1.1" 404 148
::1 - - [21/Sep/2023:14:05:05 +0000] "GET /api/login HTTP/1.1" 404 148
::1 - - [21/Sep/2023:14:08:30 +0000] "GET /api HTTP/1.1" 404 142
::1 - - [21/Sep/2023:14:20:49 +0000] "POST /api/register HTTP/1.1" 400 399
::1 - - [21/Sep/2023:14:24:56 +0000] "POST /api/register HTTP/1.1" 400 457
::1 - - [21/Sep/2023:14:28:23 +0000] "POST /api/register HTTP/1.1" 400 449
::1 - - [21/Sep/2023:14:29:01 +0000] "POST /api/register HTTP/1.1" 400 437
::1 - - [21/Sep/2023:14:29:56 +0000] "POST /api/register HTTP/1.1" 400 322
::1 - - [21/Sep/2023:14:34:24 +0000] "POST /api/register HTTP/1.1" 400 32
::1 - - [21/Sep/2023:14:36:58 +0000] "GET /api/login HTTP/1.1" 404 148
::1 - - [21/Sep/2023:14:39:30 +0000] "POST /api/login HTTP/1.1" 400 145
::1 - - [21/Sep/2023:14:39:34 +0000] "POST /api/login HTTP/1.1" 400 145
::1 - - [21/Sep/2023:14:39:47 +0000] "POST /api/login HTTP/1.1" 400 145
::1 - - [21/Sep/2023:14:41:37 +0000] "POST /api/login HTTP/1.1" 400 145
::1 - - [21/Sep/2023:14:44:56 +0000] "POST /api/login HTTP/1.1" 400 145
::1 - - [21/Sep/2023:14:47:42 +0000] "POST /api/login HTTP/1.1" 400 36
::1 - - [21/Sep/2023:14:48:40 +0000] "POST /api/login HTTP/1.1" 400 36
::1 - - [21/Sep/2023:14:48:55 +0000] "POST /api/login HTTP/1.1" 400 33
::1 - - [21/Sep/2023:14:49:25 +0000] "POST /api/login HTTP/1.1" 400 36
::1 - - [21/Sep/2023:14:49:48 +0000] "POST /api/login HTTP/1.1" 400 36
::1 - - [21/Sep/2023:14:55:55 +0000] "POST /api/login HTTP/1.1" 400 36
::1 - - [21/Sep/2023:15:25:39 +0000] "GET /api/cards/1 HTTP/1.1" 400 220
::1 - - [21/Sep/2023:15:25:39 +0000] "GET /api/cards/1 HTTP/1.1" 400 220
::1 - - [22/Sep/2023:09:29:52 +0000] "GET /api/NaN HTTP/1.1" 404 146
::1 - - [22/Sep/2023:09:29:52 +0000] "GET /api/NaN HTTP/1.1" 404 146
::1 - - [22/Sep/2023:09:32:00 +0000] "GET /api/users/NaN HTTP/1.1" 401 33
::1 - - [22/Sep/2023:09:32:00 +0000] "GET /api/users/NaN HTTP/1.1" 401 33
::1 - - [22/Sep/2023:09:33:12 +0000] "POST /api/login HTTP/1.1" 400 36
::1 - - [22/Sep/2023:09:33:17 +0000] "POST /api/login HTTP/1.1" 400 36
::1 - - [22/Sep/2023:09:33:38 +0000] "GET /api/users/NaN HTTP/1.1" 401 33
::1 - - [22/Sep/2023:09:33:38 +0000] "GET /api/users/NaN HTTP/1.1" 401 33
::1 - - [22/Sep/2023:09:34:19 +0000] "GET /api/users/NaN HTTP/1.1" 401 33
::1 - - [22/Sep/2023:09:34:19 +0000] "GET /api/users/NaN HTTP/1.1" 401 33
::1 - - [22/Sep/2023:09:34:22 +0000] "GET /api/users/NaN HTTP/1.1" 401 33
::1 - - [22/Sep/2023:09:34:22 +0000] "GET /api/users/NaN HTTP/1.1" 401 33
::1 - - [22/Sep/2023:09:34:25 +0000] "GET /api/users/NaN HTTP/1.1" 401 33
::1 - - [22/Sep/2023:09:34:25 +0000] "GET /api/users/NaN HTTP/1.1" 401 33
::1 - - [22/Sep/2023:09:34:48 +0000] "GET /api/users/NaN HTTP/1.1" 401 33
::1 - - [22/Sep/2023:09:34:48 +0000] "GET /api/users/NaN HTTP/1.1" 401 33
::1 - - [22/Sep/2023:09:36:44 +0000] "GET /api/users/NaN HTTP/1.1" 401 33
::1 - - [22/Sep/2023:09:36:44 +0000] "GET /api/users/NaN HTTP/1.1" 401 33
::1 - - [22/Sep/2023:09:37:45 +0000] "GET /api/users/NaN HTTP/1.1" 401 33
::1 - - [22/Sep/2023:09:37:56 +0000] "GET /api/users/undefined HTTP/1.1" 401 33
::1 - - [22/Sep/2023:09:38:22 +0000] "GET /api/users/undefined HTTP/1.1" 401 33
::1 - - [22/Sep/2023:09:38:22 +0000] "GET /api/users/undefined HTTP/1.1" 401 33
::1 - - [22/Sep/2023:09:44:09 +0000] "GET /api/users/undefined HTTP/1.1" 401 33
::1 - - [22/Sep/2023:09:44:09 +0000] "GET /api/users/undefined HTTP/1.1" 401 33
::1 - - [22/Sep/2023:09:44:17 +0000] "GET /api/users HTTP/1.1" 401 33
::1 - - [22/Sep/2023:09:44:17 +0000] "GET /api/users HTTP/1.1" 401 33
::1 - - [22/Sep/2023:09:44:26 +0000] "GET /api/users HTTP/1.1" 401 33
::1 - - [22/Sep/2023:09:44:26 +0000] "GET /api/users HTTP/1.1" 401 33
::1 - - [22/Sep/2023:09:46:23 +0000] "GET /api/users/undefined HTTP/1.1" 401 33
::1 - - [22/Sep/2023:09:49:09 +0000] "GET /api/users/undefined HTTP/1.1" 400 244
::1 - - [22/Sep/2023:09:49:10 +0000] "GET /api/users/undefined HTTP/1.1" 400 244
::1 - - [22/Sep/2023:09:49:10 +0000] "GET /api/users/undefined HTTP/1.1" 400 244
::1 - - [22/Sep/2023:09:49:26 +0000] "GET /api/users/undefined HTTP/1.1" 400 244
::1 - - [22/Sep/2023:09:49:26 +0000] "GET /api/users/undefined HTTP/1.1" 400 244
::1 - - [22/Sep/2023:09:52:46 +0000] "GET /api/users/undefined HTTP/1.1" 400 244
::1 - - [22/Sep/2023:09:52:53 +0000] "GET /api/users/undefined HTTP/1.1" 400 244
::1 - - [22/Sep/2023:09:52:53 +0000] "GET /api/users/undefined HTTP/1.1" 400 244
::1 - - [22/Sep/2023:09:52:56 +0000] "GET /api/users/undefined HTTP/1.1" 400 244
::1 - - [22/Sep/2023:09:52:56 +0000] "GET /api/users/undefined HTTP/1.1" 400 244
::1 - - [22/Sep/2023:09:53:02 +0000] "GET /api/users/undefined HTTP/1.1" 400 244
::1 - - [22/Sep/2023:09:53:02 +0000] "GET /api/users/undefined HTTP/1.1" 400 244
::1 - - [22/Sep/2023:09:54:22 +0000] "GET /api/users/:undefined HTTP/1.1" 400 247
::1 - - [22/Sep/2023:09:54:28 +0000] "GET /api/users/:undefined HTTP/1.1" 400 247
::1 - - [22/Sep/2023:09:54:29 +0000] "GET /api/users/:undefined HTTP/1.1" 400 247
::1 - - [22/Sep/2023:09:54:32 +0000] "GET /api/users/:undefined HTTP/1.1" 400 247
::1 - - [22/Sep/2023:09:54:32 +0000] "GET /api/users/:undefined HTTP/1.1" 400 247
::1 - - [22/Sep/2023:09:54:35 +0000] "GET /api/users/:undefined HTTP/1.1" 400 247
::1 - - [22/Sep/2023:09:54:35 +0000] "GET /api/users/:undefined HTTP/1.1" 400 247
::1 - - [22/Sep/2023:09:55:25 +0000] "GET /api/users/:_id HTTP/1.1" 400 229
::1 - - [22/Sep/2023:09:55:28 +0000] "GET /api/users/:_id HTTP/1.1" 400 229
::1 - - [22/Sep/2023:09:55:28 +0000] "GET /api/users/:_id HTTP/1.1" 400 229
::1 - - [22/Sep/2023:09:55:55 +0000] "GET /api/users/_id HTTP/1.1" 400 226
::1 - - [22/Sep/2023:09:55:58 +0000] "GET /api/users/_id HTTP/1.1" 400 226
::1 - - [22/Sep/2023:09:55:58 +0000] "GET /api/users/_id HTTP/1.1" 400 226
::1 - - [22/Sep/2023:10:00:04 +0000] "GET /api/users/_id HTTP/1.1" 401 33
::1 - - [22/Sep/2023:10:07:05 +0000] "GET /api/users/undefined HTTP/1.1" 400 244
::1 - - [22/Sep/2023:10:07:08 +0000] "GET /api/users/undefined HTTP/1.1" 400 244
::1 - - [22/Sep/2023:10:07:22 +0000] "GET /api/users/undefined HTTP/1.1" 400 244
::1 - - [22/Sep/2023:10:07:22 +0000] "GET /api/users/undefined HTTP/1.1" 400 244
::1 - - [22/Sep/2023:10:08:34 +0000] "GET /api/users/undefined HTTP/1.1" 400 244
::1 - - [22/Sep/2023:10:08:47 +0000] "GET /api/users/undefined HTTP/1.1" 400 244
::1 - - [22/Sep/2023:10:08:47 +0000] "GET /api/users/undefined HTTP/1.1" 400 244
::1 - - [22/Sep/2023:10:12:10 +0000] "GET /api/users/undefined HTTP/1.1" 400 244
::1 - - [22/Sep/2023:10:12:12 +0000] "GET /api/users/undefined HTTP/1.1" 400 244
::1 - - [22/Sep/2023:10:12:12 +0000] "GET /api/users/undefined HTTP/1.1" 400 244
::1 - - [22/Sep/2023:10:12:14 +0000] "GET /api/users/undefined HTTP/1.1" 400 244
::1 - - [22/Sep/2023:10:12:14 +0000] "GET /api/users/undefined HTTP/1.1" 400 244
::1 - - [22/Sep/2023:10:12:16 +0000] "GET /api/users/undefined HTTP/1.1" 400 244
::1 - - [22/Sep/2023:10:12:16 +0000] "GET /api/users/undefined HTTP/1.1" 400 244
::1 - - [22/Sep/2023:10:16:44 +0000] "GET /api/users/undefined HTTP/1.1" 400 244
::1 - - [22/Sep/2023:10:16:44 +0000] "GET /api/users/undefined HTTP/1.1" 400 244
::1 - - [22/Sep/2023:10:16:53 +0000] "GET /api/users/undefined HTTP/1.1" 400 244
::1 - - [22/Sep/2023:10:16:53 +0000] "GET /api/users/undefined HTTP/1.1" 400 244
::1 - - [22/Sep/2023:10:24:36 +0000] "GET /api/users/undefined HTTP/1.1" 400 244
::1 - - [22/Sep/2023:10:24:36 +0000] "GET /api/users/undefined HTTP/1.1" 400 244
::1 - - [22/Sep/2023:10:25:24 +0000] "GET /api/users/undefined HTTP/1.1" 400 244
::1 - - [22/Sep/2023:10:25:51 +0000] "GET /api/users/undefined HTTP/1.1" 400 244
::1 - - [22/Sep/2023:10:25:51 +0000] "GET /api/users/undefined HTTP/1.1" 400 244
::1 - - [22/Sep/2023:10:25:57 +0000] "GET /api/users/undefined HTTP/1.1" 400 244
::1 - - [22/Sep/2023:10:25:57 +0000] "GET /api/users/undefined HTTP/1.1" 400 244
::1 - - [22/Sep/2023:10:26:23 +0000] "GET /api/users/:undefined HTTP/1.1" 400 247
::1 - - [22/Sep/2023:10:26:48 +0000] "GET /api/users/:undefined HTTP/1.1" 400 247
::1 - - [22/Sep/2023:10:26:48 +0000] "GET /api/users/:undefined HTTP/1.1" 400 247
::1 - - [22/Sep/2023:10:26:49 +0000] "GET /api/users/:undefined HTTP/1.1" 400 247
::1 - - [22/Sep/2023:10:26:49 +0000] "GET /api/users/:undefined HTTP/1.1" 400 247
::1 - - [22/Sep/2023:10:26:54 +0000] "GET /api/users/:undefined HTTP/1.1" 400 247
::1 - - [22/Sep/2023:10:26:54 +0000] "GET /api/users/:undefined HTTP/1.1" 400 247
::1 - - [22/Sep/2023:10:29:48 +0000] "POST /api/login HTTP/1.1" 400 36
::1 - - [22/Sep/2023:10:29:56 +0000] "POST /api/login HTTP/1.1" 400 36
::1 - - [22/Sep/2023:10:37:43 +0000] "POST /api/cards HTTP/1.1" 400 35
::1 - - [22/Sep/2023:10:40:57 +0000] "POST /api/cards HTTP/1.1" 400 558
::1 - - [22/Sep/2023:10:43:56 +0000] "POST /api/cards HTTP/1.1" 400 556
::1 - - [22/Sep/2023:10:46:13 +0000] "POST /api/cards HTTP/1.1" 400 556
::1 - - [22/Sep/2023:10:47:03 +0000] "POST /api/cards HTTP/1.1" 400 552
::ffff:127.0.0.1 - - [22/Sep/2023:10:47:37 +0000] "POST /api/cards HTTP/1.1" 400 567
::1 - - [22/Sep/2023:10:48:08 +0000] "POST /api/cards HTTP/1.1" 400 563
::1 - - [22/Sep/2023:10:49:36 +0000] "POST /api/cards HTTP/1.1" 400 581
::1 - - [22/Sep/2023:10:50:42 +0000] "POST /api/cards HTTP/1.1" 400 581
::ffff:127.0.0.1 - - [22/Sep/2023:10:52:56 +0000] "POST /api/cards HTTP/1.1" 400 546
::ffff:127.0.0.1 - - [22/Sep/2023:10:53:36 +0000] "POST /api/cards HTTP/1.1" 400 581
::1 - - [22/Sep/2023:10:56:33 +0000] "POST /api/cards HTTP/1.1" 400 550
::1 - - [22/Sep/2023:10:57:15 +0000] "POST /api/cards HTTP/1.1" 400 550
::1 - - [22/Sep/2023:19:38:05 +0000] "GET /api/users/:undefined HTTP/1.1" 400 23
::1 - - [22/Sep/2023:19:38:05 +0000] "GET /api/users/:undefined HTTP/1.1" 400 23
::1 - - [22/Sep/2023:19:39:24 +0000] "GET /api/users/:undefined HTTP/1.1" 400 247
::1 - - [22/Sep/2023:19:39:24 +0000] "GET /api/users/:undefined HTTP/1.1" 400 247
::1 - - [22/Sep/2023:19:42:10 +0000] "GET /api/users/:650c5a03a43c05bb2fbf0d67 HTTP/1.1" 400 292
::1 - - [22/Sep/2023:19:42:10 +0000] "GET /api/users/:650c5a03a43c05bb2fbf0d67 HTTP/1.1" 400 292
::1 - - [22/Sep/2023:19:42:27 +0000] "GET /api/users/:650c5a03a43c05bb2fbf0d67 HTTP/1.1" 400 292
::1 - - [22/Sep/2023:19:42:27 +0000] "GET /api/users/:650c5a03a43c05bb2fbf0d67 HTTP/1.1" 400 292
::1 - - [22/Sep/2023:19:44:14 +0000] "GET /api/users/:650c5a03a43c05bb2fbf0d67 HTTP/1.1" 400 292
::1 - - [22/Sep/2023:19:44:14 +0000] "GET /api/users/:650c5a03a43c05bb2fbf0d67 HTTP/1.1" 400 292
::1 - - [22/Sep/2023:19:45:18 +0000] "GET /api/users/:650c5a03a43c05bb2fbf0d67 HTTP/1.1" 400 292
::1 - - [22/Sep/2023:19:45:18 +0000] "GET /api/users/:650c5a03a43c05bb2fbf0d67 HTTP/1.1" 400 292
::1 - - [22/Sep/2023:19:45:24 +0000] "GET /api/users/:650c5a03a43c05bb2fbf0d67 HTTP/1.1" 400 292
::1 - - [22/Sep/2023:19:45:24 +0000] "GET /api/users/:650c5a03a43c05bb2fbf0d67 HTTP/1.1" 400 292
::1 - - [22/Sep/2023:19:48:06 +0000] "GET /api/users/:650c5a03a43c05bb2fbf0d67 HTTP/1.1" 400 292
::1 - - [22/Sep/2023:19:48:30 +0000] "GET /api/users/:650c5a03a43c05bb2fbf0d67 HTTP/1.1" 400 292
::1 - - [22/Sep/2023:19:48:30 +0000] "GET /api/users/:650c5a03a43c05bb2fbf0d67 HTTP/1.1" 400 292
::1 - - [22/Sep/2023:19:51:36 +0000] "GET /api/users/:650c5a03a43c05bb2fbf0d67 HTTP/1.1" 400 292
::1 - - [22/Sep/2023:19:51:39 +0000] "GET /api/users/:650c5a03a43c05bb2fbf0d67 HTTP/1.1" 400 292
::1 - - [22/Sep/2023:19:53:33 +0000] "GET /api/users/:650c5a03a43c05bb2fbf0d67 HTTP/1.1" 400 292
::1 - - [22/Sep/2023:19:53:33 +0000] "GET /api/users/:650c5a03a43c05bb2fbf0d67 HTTP/1.1" 400 292
::1 - - [22/Sep/2023:19:54:41 +0000] "POST /api/login HTTP/1.1" 400 36
::1 - - [22/Sep/2023:19:54:43 +0000] "POST /api/login HTTP/1.1" 400 36
::1 - - [22/Sep/2023:19:54:48 +0000] "POST /api/login HTTP/1.1" 400 36
::1 - - [22/Sep/2023:19:55:17 +0000] "GET /api/users/:650c5a03a43c05bb2fbf0d67 HTTP/1.1" 400 292
::1 - - [22/Sep/2023:19:55:17 +0000] "GET /api/users/:650c5a03a43c05bb2fbf0d67 HTTP/1.1" 400 292
::1 - - [22/Sep/2023:19:56:59 +0000] "GET /api/users/:650c5a03a43c05bb2fbf0d67 HTTP/1.1" 400 292
::1 - - [22/Sep/2023:19:56:59 +0000] "GET /api/users/:650c5a03a43c05bb2fbf0d67 HTTP/1.1" 400 292
::1 - - [22/Sep/2023:19:59:28 +0000] "GET /api/users/:650c5a03a43c05bb2fbf0d67 HTTP/1.1" 400 292
::1 - - [22/Sep/2023:19:59:28 +0000] "GET /api/users/:650c5a03a43c05bb2fbf0d67 HTTP/1.1" 400 292
::1 - - [22/Sep/2023:19:59:28 +0000] "GET /api/users/:650c5a03a43c05bb2fbf0d67 HTTP/1.1" 400 292
::1 - - [22/Sep/2023:19:59:28 +0000] "GET /api/users/:650c5a03a43c05bb2fbf0d67 HTTP/1.1" 400 292
::1 - - [22/Sep/2023:20:02:32 +0000] "GET /api/users/:650c5a03a43c05bb2fbf0d67 HTTP/1.1" 400 292
::1 - - [22/Sep/2023:20:02:32 +0000] "GET /api/users/:650c5a03a43c05bb2fbf0d67 HTTP/1.1" 400 292
::1 - - [22/Sep/2023:20:02:37 +0000] "GET /api/users/:650c5a03a43c05bb2fbf0d67 HTTP/1.1" 400 292
::1 - - [22/Sep/2023:20:02:37 +0000] "GET /api/users/:650c5a03a43c05bb2fbf0d67 HTTP/1.1" 400 292
::1 - - [22/Sep/2023:20:02:43 +0000] "GET /api/users/:650c5a03a43c05bb2fbf0d67 HTTP/1.1" 400 292
::1 - - [22/Sep/2023:20:02:43 +0000] "GET /api/users/:650c5a03a43c05bb2fbf0d67 HTTP/1.1" 400 292
::1 - - [22/Sep/2023:20:04:43 +0000] "GET /api/users/:650c5a03a43c05bb2fbf0d67 HTTP/1.1" 404 14
::1 - - [22/Sep/2023:20:04:43 +0000] "GET /api/users/:650c5a03a43c05bb2fbf0d67 HTTP/1.1" 404 14
::1 - - [22/Sep/2023:20:06:06 +0000] "GET /api/users/:650c5a03a43c05bb2fbf0d67 HTTP/1.1" 404 14
::1 - - [22/Sep/2023:20:06:06 +0000] "GET /api/users/:650c5a03a43c05bb2fbf0d67 HTTP/1.1" 404 14
::1 - - [22/Sep/2023:20:07:10 +0000] "GET /api/users/:650c5a03a43c05bb2fbf0d67 HTTP/1.1" 404 14
::1 - - [22/Sep/2023:20:07:10 +0000] "GET /api/users/:650c5a03a43c05bb2fbf0d67 HTTP/1.1" 404 14
::1 - - [22/Sep/2023:20:07:11 +0000] "GET /api/users/:_Id HTTP/1.1" 404 14
::1 - - [22/Sep/2023:20:14:55 +0000] "GET /api/users/:650c5a03a43c05bb2fbf0d67 HTTP/1.1" 404 14
::1 - - [22/Sep/2023:20:15:10 +0000] "GET /api/users/:650c5a03a43c05bb2fbf0d67 HTTP/1.1" 404 14
::1 - - [22/Sep/2023:20:15:10 +0000] "GET /api/users/:650c5a03a43c05bb2fbf0d67 HTTP/1.1" 404 14
::1 - - [22/Sep/2023:20:15:13 +0000] "GET /api/users/:650c5a03a43c05bb2fbf0d67 HTTP/1.1" 404 14
::1 - - [22/Sep/2023:20:15:13 +0000] "GET /api/users/:650c5a03a43c05bb2fbf0d67 HTTP/1.1" 404 14
::1 - - [22/Sep/2023:20:24:02 +0000] "GET /api/users/:650c5a03a43c05bb2fbf0d67 HTTP/1.1" 400 292
::1 - - [22/Sep/2023:20:24:02 +0000] "GET /api/users/:650c5a03a43c05bb2fbf0d67 HTTP/1.1" 400 292
::1 - - [22/Sep/2023:20:25:36 +0000] "GET /api/users/:650c5a03a43c05bb2fbf0d67 HTTP/1.1" 400 292
::1 - - [22/Sep/2023:20:25:55 +0000] "GET /api/users/:650c5a03a43c05bb2fbf0d67 HTTP/1.1" 400 292
::1 - - [22/Sep/2023:20:25:55 +0000] "GET /api/users/:650c5a03a43c05bb2fbf0d67 HTTP/1.1" 400 292
::1 - - [22/Sep/2023:20:26:00 +0000] "GET /api/users/:650c5a03a43c05bb2fbf0d67 HTTP/1.1" 400 292
::1 - - [22/Sep/2023:20:26:00 +0000] "GET /api/users/:650c5a03a43c05bb2fbf0d67 HTTP/1.1" 400 292
::1 - - [22/Sep/2023:20:28:26 +0000] "GET /api/users/:650d6cd8a43c05bb2fbf0dec HTTP/1.1" 400 23
::1 - - [22/Sep/2023:20:28:26 +0000] "GET /api/users/:650d6cd8a43c05bb2fbf0dec HTTP/1.1" 400 23
::1 - - [22/Sep/2023:20:29:46 +0000] "GET /api/users/:650d6cd8a43c05bb2fbf0dec HTTP/1.1" 400 23
::1 - - [22/Sep/2023:20:29:46 +0000] "GET /api/users/:650d6cd8a43c05bb2fbf0dec HTTP/1.1" 400 23
::1 - - [22/Sep/2023:20:33:22 +0000] "GET /api/users/:650d6cd8a43c05bb2fbf0dec HTTP/1.1" 400 23
::1 - - [22/Sep/2023:20:33:23 +0000] "GET /api/users/:650d6cd8a43c05bb2fbf0dec HTTP/1.1" 400 23
::1 - - [22/Sep/2023:20:37:17 +0000] "GET /api/users/:650d6cd8a43c05bb2fbf0dec HTTP/1.1" 400 23
::1 - - [22/Sep/2023:20:37:17 +0000] "GET /api/users/:650d6cd8a43c05bb2fbf0dec HTTP/1.1" 400 23
::1 - - [22/Sep/2023:20:37:51 +0000] "GET /api/users/:650d6cd8a43c05bb2fbf0dec HTTP/1.1" 400 23
::1 - - [22/Sep/2023:20:37:51 +0000] "GET /api/users/:650d6cd8a43c05bb2fbf0dec HTTP/1.1" 400 23
::1 - - [22/Sep/2023:21:07:06 +0000] "GET /api/users/:650d6cd8a43c05bb2fbf0dec HTTP/1.1" 400 23
::1 - - [22/Sep/2023:21:07:06 +0000] "GET /api/users/:650d6cd8a43c05bb2fbf0dec HTTP/1.1" 400 23
::1 - - [22/Sep/2023:21:10:05 +0000] "GET /api/users/:_id HTTP/1.1" 400 23
::1 - - [22/Sep/2023:21:10:10 +0000] "GET /api/users/:_id HTTP/1.1" 400 23
::1 - - [22/Sep/2023:21:10:10 +0000] "GET /api/users/:_id HTTP/1.1" 400 23
::1 - - [22/Sep/2023:21:11:48 +0000] "GET /api/users/:_id HTTP/1.1" 400 23
::1 - - [22/Sep/2023:21:11:48 +0000] "GET /api/users/:_id HTTP/1.1" 400 23
::1 - - [22/Sep/2023:21:13:29 +0000] "GET /api/users/:_id HTTP/1.1" 400 23
::1 - - [22/Sep/2023:21:13:29 +0000] "GET /api/users/:_id HTTP/1.1" 400 23
::1 - - [22/Sep/2023:21:14:14 +0000] "GET /api/users/:_id HTTP/1.1" 400 23
::1 - - [22/Sep/2023:21:14:14 +0000] "GET /api/users/:_id HTTP/1.1" 400 23
::1 - - [22/Sep/2023:21:14:47 +0000] "GET /api/users/:_id HTTP/1.1" 400 229
::ffff:127.0.0.1 - - [22/Sep/2023:21:14:47 +0000] "GET /api/users/:_id HTTP/1.1" 400 229
::1 - - [22/Sep/2023:21:21:56 +0000] "GET /api/users/:_id HTTP/1.1" 400 229
::1 - - [22/Sep/2023:21:21:56 +0000] "GET /api/users/:_id HTTP/1.1" 400 229
::1 - - [22/Sep/2023:21:28:46 +0000] "GET /api/users/:_id HTTP/1.1" 400 229
::1 - - [22/Sep/2023:21:28:46 +0000] "GET /api/users/:_id HTTP/1.1" 400 229
::1 - - [22/Sep/2023:21:28:59 +0000] "GET /api/users/:650c5a03a43c05bb2fbf0d67 HTTP/1.1" 400 292
::1 - - [22/Sep/2023:21:29:09 +0000] "GET /api/users/:650c5a03a43c05bb2fbf0d67 HTTP/1.1" 400 292
::1 - - [22/Sep/2023:21:29:23 +0000] "GET /api/users/:650c5a03a43c05bb2fbf0d67 HTTP/1.1" 400 292
::1 - - [22/Sep/2023:21:29:23 +0000] "GET /api/users/:650c5a03a43c05bb2fbf0d67 HTTP/1.1" 400 292
::1 - - [22/Sep/2023:21:31:06 +0000] "GET /api/users/:650c5a03a43c05bb2fbf0d67 HTTP/1.1" 400 292
::1 - - [22/Sep/2023:21:31:09 +0000] "GET /api/users/:650c5a03a43c05bb2fbf0d67 HTTP/1.1" 400 292
::1 - - [22/Sep/2023:21:31:09 +0000] "GET /api/users/:650c5a03a43c05bb2fbf0d67 HTTP/1.1" 400 292
::1 - - [22/Sep/2023:22:10:26 +0000] "DELETE /api/650d6cd8a43c05bb2fbf0dec HTTP/1.1" 404 170
::1 - - [22/Sep/2023:22:16:42 +0000] "GET /api/cards/my-cards HTTP/1.1" 401 33
::1 - - [22/Sep/2023:22:16:42 +0000] "GET /api/cards/my-cards HTTP/1.1" 401 33
::1 - - [22/Sep/2023:22:17:06 +0000] "GET /api/cards/my-cards HTTP/1.1" 401 33
::1 - - [22/Sep/2023:22:17:26 +0000] "GET /api/cards/my-cards HTTP/1.1" 400 145
::1 - - [22/Sep/2023:22:17:26 +0000] "GET /api/cards/my-cards HTTP/1.1" 400 145
::1 - - [22/Sep/2023:22:17:33 +0000] "GET /api/cards/my-cards HTTP/1.1" 400 145
::1 - - [22/Sep/2023:22:17:34 +0000] "GET /api/cards/my-cards HTTP/1.1" 400 145
::1 - - [22/Sep/2023:22:24:31 +0000] "GET /api/cards/my-cards HTTP/1.1" 400 145
::1 - - [22/Sep/2023:22:24:31 +0000] "GET /api/cards/my-cards HTTP/1.1" 400 145
::1 - - [22/Sep/2023:22:28:47 +0000] "GET /api/cards/my-cards HTTP/1.1" 400 145
::1 - - [22/Sep/2023:22:28:47 +0000] "GET /api/cards/my-cards HTTP/1.1" 400 145
::1 - - [22/Sep/2023:22:29:10 +0000] "GET /api/cards/my-cards HTTP/1.1" 400 145
::1 - - [22/Sep/2023:22:33:14 +0000] "GET /api/cards/my-cards HTTP/1.1" 400 145
::1 - - [22/Sep/2023:22:33:14 +0000] "GET /api/cards/my-cards HTTP/1.1" 400 145
::1 - - [22/Sep/2023:22:37:33 +0000] "GET /api/cards/my-cards HTTP/1.1" 400 145
::1 - - [22/Sep/2023:22:37:33 +0000] "GET /api/cards/my-cards HTTP/1.1" 400 145
::1 - - [22/Sep/2023:22:37:58 +0000] "GET /api/cards/my-cards HTTP/1.1" 400 145
::1 - - [22/Sep/2023:22:37:58 +0000] "GET /api/cards/my-cards HTTP/1.1" 400 145
::1 - - [22/Sep/2023:22:38:33 +0000] "GET /api/cards/my-cards HTTP/1.1" 400 145
::1 - - [22/Sep/2023:22:38:33 +0000] "GET /api/cards/my-cards HTTP/1.1" 400 145
::1 - - [22/Sep/2023:22:44:06 +0000] "GET /api/cards/my-cards HTTP/1.1" 400 145
::1 - - [22/Sep/2023:22:44:06 +0000] "GET /api/cards/my-cards HTTP/1.1" 400 145
::1 - - [22/Sep/2023:22:47:30 +0000] "GET /api/cards/my-cards HTTP/1.1" 400 145
::1 - - [22/Sep/2023:22:48:18 +0000] "PUT /api/cards/64f6fbc91614d8de30cc21f3 HTTP/1.1" 400 2
::1 - - [22/Sep/2023:22:48:35 +0000] "PUT /api/cards/64f6fbc91614d8de30cc21f3 HTTP/1.1" 400 2
::1 - - [22/Sep/2023:22:51:19 +0000] "PUT /api/cards/64f6fbc91614d8de30cc21f3 HTTP/1.1" 400 2
::1 - - [22/Sep/2023:22:52:32 +0000] "PUT /api/cards/64f6fbc91614d8de30cc21f3 HTTP/1.1" 400 2
::1 - - [22/Sep/2023:22:52:39 +0000] "PUT /api/cards/64f6fbc91614d8de30cc21f3 HTTP/1.1" 400 2
::1 - - [22/Sep/2023:22:52:50 +0000] "PUT /api/cards/64f6fbc91614d8de30cc21f3 HTTP/1.1" 400 2
::1 - - [22/Sep/2023:23:40:18 +0000] "DELETE /api/cards/64f6fbc91614d8de30cc21f3 HTTP/1.1" 401 33
::1 - - [22/Sep/2023:23:41:30 +0000] "DELETE /api/cards/64f6fbc91614d8de30cc21f3 HTTP/1.1" 400 17
::1 - - [23/Sep/2023:00:11:55 +0000] "DELETE /api/cards/64f6fbc91614d8de30cc21f3 HTTP/1.1" 400 17
::1 - - [23/Sep/2023:00:18:41 +0000] "DELETE /api/cards/64f6fbc91614d8de30cc21f3 HTTP/1.1" 400 17
::1 - - [23/Sep/2023:00:26:15 +0000] "DELETE /api/cards/64f6fbc91614d8de30cc21f3 HTTP/1.1" 400 17
::1 - - [23/Sep/2023:00:32:25 +0000] "DELETE /api/cards/64f6fbc91614d8de30cc21f3 HTTP/1.1" 400 17
::1 - - [23/Sep/2023:00:42:05 +0000] "DELETE /api/cards/64f6fbc91614d8de30cc21f3 HTTP/1.1" 400 17
::1 - - [23/Sep/2023:09:33:44 +0000] "DELETE /api/cards/64f6fbc91614d8de30cc21f3 HTTP/1.1" 400 17
::1 - - [23/Sep/2023:09:58:12 +0000] "PUT /api/users/650c5a03a43c05bb2fbf0d67 HTTP/1.1" 400 322
::1 - - [23/Sep/2023:10:03:45 +0000] "PUT /api/users/650eb7cc2fa53eb79b9bf59f HTTP/1.1" 400 443
::1 - - [23/Sep/2023:10:06:36 +0000] "PUT /api/users/650eb7cc2fa53eb79b9bf59f HTTP/1.1" 400 443
::1 - - [23/Sep/2023:10:07:08 +0000] "PUT /api/users/650eb7cc2fa53eb79b9bf59f HTTP/1.1" 400 400
::1 - - [23/Sep/2023:10:08:08 +0000] "PUT /api/users/650eb7cc2fa53eb79b9bf59f HTTP/1.1" 400 389
::1 - - [23/Sep/2023:10:13:28 +0000] "GET /api/cards/my-cards HTTP/1.1" 400 145
::1 - - [23/Sep/2023:10:13:28 +0000] "GET /api/cards/my-cards HTTP/1.1" 400 145
::1 - - [23/Sep/2023:10:15:07 +0000] "GET /api/cards/my-cards HTTP/1.1" 400 145
::1 - - [23/Sep/2023:10:15:07 +0000] "GET /api/cards/my-cards HTTP/1.1" 400 145
::1 - - [23/Sep/2023:10:17:20 +0000] "PUT /api/cards/64f6fbc91614d8de30cc21f3 HTTP/1.1" 400 763
::1 - - [23/Sep/2023:10:18:13 +0000] "PUT /api/cards/64f6fbc91614d8de30cc21f3 HTTP/1.1" 400 255
::1 - - [23/Sep/2023:10:21:00 +0000] "PUT /api/cards/64f6fbc91614d8de30cc21f3 HTTP/1.1" 400 850
::1 - - [23/Sep/2023:10:22:21 +0000] "GET /api/cards/64f6fbc91614d8de30cc21f3 HTTP/1.1" 400 14
::1 - - [23/Sep/2023:10:23:34 +0000] "PUT /api/cards/64f6fbc91614d8de30cc21f3 HTTP/1.1" 400 850
::1 - - [23/Sep/2023:10:25:07 +0000] "GET /api/cards/64f6fbc91614d8de30cc21f3 HTTP/1.1" 400 14
::1 - - [23/Sep/2023:10:27:07 +0000] "PUT /api/cards/64f6fbc91614d8de30cc21f3 HTTP/1.1" 400 850
::1 - - [23/Sep/2023:10:27:32 +0000] "PUT /api/cards/64f6fbc91614d8de30cc21f3 HTTP/1.1" 400 257
::1 - - [23/Sep/2023:10:32:14 +0000] "PUT /api/cards/64f6fbc91614d8de30cc21f3 HTTP/1.1" 400 253
::1 - - [23/Sep/2023:10:39:18 +0000] "PUT /api/cards/64f6fbc91614d8de30cc21f3 HTTP/1.1" 400 253
::1 - - [23/Sep/2023:10:40:47 +0000] "PUT /api/cards/64f6fbc91614d8de30cc21f3 HTTP/1.1" 400 253
::1 - - [23/Sep/2023:10:41:18 +0000] "PUT /api/cards/64f6fbc91614d8de30cc21f3 HTTP/1.1" 400 253
::1 - - [23/Sep/2023:10:42:35 +0000] "PUT /api/cards/64f6fbc91614d8de30cc21f3 HTTP/1.1" 400 850
::1 - - [23/Sep/2023:10:43:53 +0000] "GET /api/cards/64f6fbc91614d8de30cc21f3 HTTP/1.1" 400 14
::1 - - [23/Sep/2023:10:56:47 +0000] "POST /api/cards HTTP/1.1" 401 33
::1 - - [23/Sep/2023:10:59:19 +0000] "PUT /api/cards/650ec3d0ed6026a2ac4a1e29 HTTP/1.1" 400 253
::1 - - [23/Sep/2023:11:02:07 +0000] "PUT /api/cards/650ec3d0ed6026a2ac4a1e29 HTTP/1.1" 400 580
::1 - - [23/Sep/2023:11:02:36 +0000] "PUT /api/cards/650ec3d0ed6026a2ac4a1e29 HTTP/1.1" 400 253
::1 - - [23/Sep/2023:11:05:47 +0000] "DELETE /api/cards/64f6fbc91614d8de30cc21f3 HTTP/1.1" 400 17
::1 - - [23/Sep/2023:11:07:52 +0000] "POST /api/cards HTTP/1.1" 401 33
::1 - - [23/Sep/2023:11:08:11 +0000] "POST /api/cards HTTP/1.1" 400 69
::1 - - [23/Sep/2023:11:08:45 +0000] "POST /api/cards HTTP/1.1" 400 734
::1 - - [23/Sep/2023:11:08:54 +0000] "POST /api/cards HTTP/1.1" 400 69
::1 - - [23/Sep/2023:11:09:22 +0000] "POST /api/login HTTP/1.1" 400 36
::1 - - [23/Sep/2023:11:11:57 +0000] "POST /api/cards HTTP/1.1" 400 69
::1 - - [23/Sep/2023:11:12:52 +0000] "POST /api/cards HTTP/1.1" 400 69
::1 - - [23/Sep/2023:11:13:59 +0000] "POST /api/cards HTTP/1.1" 400 69
::1 - - [23/Sep/2023:11:14:19 +0000] "POST /api/cards HTTP/1.1" 400 69
::1 - - [23/Sep/2023:11:15:15 +0000] "POST /api/cards HTTP/1.1" 400 69
::1 - - [23/Sep/2023:11:16:51 +0000] "POST /api/cards HTTP/1.1" 400 69
::1 - - [23/Sep/2023:11:19:36 +0000] "POST /api/cards HTTP/1.1" 400 69
::1 - - [23/Sep/2023:11:22:38 +0000] "POST /api/cards HTTP/1.1" 400 69
::1 - - [23/Sep/2023:11:27:59 +0000] "POST /api/cards HTTP/1.1" 400 69
::1 - - [23/Sep/2023:11:29:17 +0000] "POST /api/cards HTTP/1.1" 400 69
::1 - - [23/Sep/2023:11:30:22 +0000] "POST /api/cards HTTP/1.1" 400 69
::1 - - [23/Sep/2023:11:30:46 +0000] "POST /api/cards HTTP/1.1" 400 69
::1 - - [23/Sep/2023:11:32:54 +0000] "POST /api/login HTTP/1.1" 400 36
::1 - - [23/Sep/2023:11:33:03 +0000] "POST /api/login HTTP/1.1" 400 36
::1 - - [23/Sep/2023:11:34:30 +0000] "POST /api/cards HTTP/1.1" 400 69
::1 - - [23/Sep/2023:11:35:20 +0000] "POST /api/cards HTTP/1.1" 400 69
::1 - - [23/Sep/2023:11:38:08 +0000] "POST /api/cards HTTP/1.1" 400 69
::1 - - [23/Sep/2023:11:41:16 +0000] "GET /api/cards/my-cards HTTP/1.1" 400 145
::1 - - [23/Sep/2023:11:41:16 +0000] "GET /api/cards/my-cards HTTP/1.1" 400 145
::1 - - [23/Sep/2023:11:44:29 +0000] "POST /api/cards HTTP/1.1" 400 69
::1 - - [23/Sep/2023:12:00:01 +0000] "POST /api/cards HTTP/1.1" 401 33
::1 - - [23/Sep/2023:12:01:40 +0000] "POST /api/cards HTTP/1.1" 400 646
::1 - - [23/Sep/2023:12:01:48 +0000] "POST /api/cards HTTP/1.1" 400 69
::1 - - [23/Sep/2023:12:02:14 +0000] "POST /api/cards HTTP/1.1" 400 646
::1 - - [23/Sep/2023:12:03:26 +0000] "POST /api/login HTTP/1.1" 400 36
::1 - - [23/Sep/2023:12:04:50 +0000] "POST /api/cards HTTP/1.1" 400 69
::1 - - [23/Sep/2023:12:06:41 +0000] "POST /api/cards HTTP/1.1" 400 69
::1 - - [23/Sep/2023:12:10:17 +0000] "POST /api/cards HTTP/1.1" 400 2
::1 - - [23/Sep/2023:12:10:23 +0000] "POST /api/cards HTTP/1.1" 400 2
::1 - - [23/Sep/2023:12:10:28 +0000] "POST /api/cards HTTP/1.1" 400 2
::1 - - [23/Sep/2023:12:11:16 +0000] "POST /api/cards HTTP/1.1" 400 2
::1 - - [23/Sep/2023:12:11:18 +0000] "POST /api/cards HTTP/1.1" 400 2
::1 - - [23/Sep/2023:12:13:46 +0000] "POST /api/cards HTTP/1.1" 400 69
::1 - - [23/Sep/2023:12:25:21 +0000] "POST /api/cards HTTP/1.1" 400 69
::1 - - [23/Sep/2023:12:25:28 +0000] "POST /api/cards HTTP/1.1" 400 69
::1 - - [23/Sep/2023:12:27:34 +0000] "POST /api/cards HTTP/1.1" 400 69
::1 - - [23/Sep/2023:13:34:52 +0000] "POST /api/cards HTTP/1.1" 400 69
::1 - - [23/Sep/2023:13:37:47 +0000] "POST /api/cards HTTP/1.1" 400 69
::1 - - [23/Sep/2023:13:39:11 +0000] "POST /api/cards HTTP/1.1" 400 69
::1 - - [23/Sep/2023:13:42:54 +0000] "POST /api/cards HTTP/1.1" 400 69
::1 - - [23/Sep/2023:13:48:02 +0000] "POST /api/cards HTTP/1.1" 400 69
::1 - - [23/Sep/2023:13:49:28 +0000] "POST /api/cards HTTP/1.1" 400 69
::1 - - [23/Sep/2023:13:50:10 +0000] "POST /api/cards HTTP/1.1" 400 69
::1 - - [23/Sep/2023:13:58:52 +0000] "POST /api/cards HTTP/1.1" 400 69
::1 - - [23/Sep/2023:14:00:03 +0000] "POST /api/cards HTTP/1.1" 400 69
::1 - - [23/Sep/2023:14:00:37 +0000] "POST /api/cards HTTP/1.1" 400 69
::1 - - [23/Sep/2023:14:02:49 +0000] "POST /api/cards HTTP/1.1" 400 69
::1 - - [23/Sep/2023:14:05:46 +0000] "POST /api/cards HTTP/1.1" 400 69
::1 - - [23/Sep/2023:14:08:33 +0000] "POST /api/cards HTTP/1.1" 400 69
::1 - - [24/Sep/2023:07:48:49 +0000] "GET /api/cards/my-cards HTTP/1.1" 400 145
::1 - - [24/Sep/2023:07:48:49 +0000] "GET /api/cards/my-cards HTTP/1.1" 400 145
::1 - - [24/Sep/2023:07:52:45 +0000] "GET /api/cards/my-cards HTTP/1.1" 400 145
::1 - - [24/Sep/2023:08:09:54 +0000] "GET /api/cards/my-cards HTTP/1.1" 400 145
::1 - - [24/Sep/2023:08:10:51 +0000] "GET /api/cards/my-cards HTTP/1.1" 400 145
::1 - - [24/Sep/2023:08:10:56 +0000] "GET /api/cards/my-cards HTTP/1.1" 400 145
::1 - - [24/Sep/2023:08:10:56 +0000] "GET /api/cards/my-cards HTTP/1.1" 400 145
::1 - - [24/Sep/2023:08:11:05 +0000] "POST /api/login HTTP/1.1" 400 36
::1 - - [24/Sep/2023:08:11:20 +0000] "GET /api/cards/my-cards HTTP/1.1" 400 145
::1 - - [24/Sep/2023:08:11:20 +0000] "GET /api/cards/my-cards HTTP/1.1" 400 145
::1 - - [24/Sep/2023:08:16:00 +0000] "GET /api/cards/my-cards HTTP/1.1" 400 145
::1 - - [24/Sep/2023:08:16:01 +0000] "GET /api/cards/my-cards HTTP/1.1" 400 145
::1 - - [24/Sep/2023:08:16:52 +0000] "GET /api/cards/my-cards HTTP/1.1" 400 145
::1 - - [24/Sep/2023:08:16:53 +0000] "GET /api/cards/my-cards HTTP/1.1" 400 145
::1 - - [24/Sep/2023:08:16:56 +0000] "GET /api/cards/my-cards HTTP/1.1" 400 145
::1 - - [24/Sep/2023:08:16:56 +0000] "GET /api/cards/my-cards HTTP/1.1" 400 145
::1 - - [24/Sep/2023:08:17:33 +0000] "GET /api/cards/my-cards HTTP/1.1" 400 145
::1 - - [24/Sep/2023:08:17:33 +0000] "GET /api/cards/my-cards HTTP/1.1" 400 145
::1 - - [24/Sep/2023:08:20:14 +0000] "GET /api/cards/my-cards HTTP/1.1" 400 145
::1 - - [24/Sep/2023:08:20:14 +0000] "GET /api/cards/my-cards HTTP/1.1" 400 145
::1 - - [24/Sep/2023:08:24:19 +0000] "GET /api/cards/my-cards HTTP/1.1" 400 145
::1 - - [24/Sep/2023:08:24:19 +0000] "GET /api/cards/my-cards HTTP/1.1" 400 145
::1 - - [24/Sep/2023:08:24:39 +0000] "GET /api/cards/my-cards HTTP/1.1" 400 145
::1 - - [24/Sep/2023:08:24:39 +0000] "GET /api/cards/my-cards HTTP/1.1" 400 145
::1 - - [24/Sep/2023:08:25:21 +0000] "GET /api/cards/my-cards HTTP/1.1" 400 145
::1 - - [24/Sep/2023:08:25:22 +0000] "GET /api/cards/my-cards HTTP/1.1" 400 145
::1 - - [24/Sep/2023:08:27:50 +0000] "GET /api/cards/my-cards HTTP/1.1" 400 145
::1 - - [24/Sep/2023:08:28:04 +0000] "GET /api/cards/my-cards HTTP/1.1" 400 145
::1 - - [24/Sep/2023:08:28:17 +0000] "GET /api/cards/my-cards HTTP/1.1" 400 145
::1 - - [24/Sep/2023:08:28:59 +0000] "GET /api/cards/my-cards HTTP/1.1" 400 145
::1 - - [24/Sep/2023:08:28:59 +0000] "GET /api/cards/my-cards HTTP/1.1" 400 145
::1 - - [24/Sep/2023:08:29:45 +0000] "GET /api/cards/my-cards HTTP/1.1" 400 145
::1 - - [24/Sep/2023:08:29:45 +0000] "GET /api/cards/my-cards HTTP/1.1" 400 145
::1 - - [24/Sep/2023:08:30:30 +0000] "GET /api/cards/my-cards HTTP/1.1" 400 145
::1 - - [24/Sep/2023:08:30:30 +0000] "GET /api/cards/my-cards HTTP/1.1" 400 145
::1 - - [24/Sep/2023:08:31:16 +0000] "GET /api/cards/my-cards HTTP/1.1" 400 145
::1 - - [24/Sep/2023:08:31:16 +0000] "GET /api/cards/my-cards HTTP/1.1" 400 145
::1 - - [24/Sep/2023:08:32:56 +0000] "GET /api/cards/my-cards HTTP/1.1" 400 145
::1 - - [24/Sep/2023:08:32:56 +0000] "GET /api/cards/my-cards HTTP/1.1" 400 145
::1 - - [24/Sep/2023:08:35:52 +0000] "GET /api/cards/my-cards HTTP/1.1" 400 145
::1 - - [24/Sep/2023:08:35:52 +0000] "GET /api/cards/my-cards HTTP/1.1" 400 145
::1 - - [24/Sep/2023:08:37:36 +0000] "GET /api/cards/my-cards HTTP/1.1" 400 145
::1 - - [24/Sep/2023:08:37:36 +0000] "GET /api/cards/my-cards HTTP/1.1" 400 145
::1 - - [24/Sep/2023:08:39:17 +0000] "GET /api/cards/my-cards HTTP/1.1" 400 145
::1 - - [24/Sep/2023:08:39:17 +0000] "GET /api/cards/my-cards HTTP/1.1" 400 145
::1 - - [24/Sep/2023:08:39:21 +0000] "GET /api/cards/my-cards HTTP/1.1" 400 145
::1 - - [24/Sep/2023:08:39:21 +0000] "GET /api/cards/my-cards HTTP/1.1" 400 145
